  Building Custom Rule D:/dev/projects/3DWorld/CMakeLists.txt
  BoundingBox.cpp
  Entity.cpp
D:\dev\projects\3DWorld\source\PhysicsEngine/PhysicsObject.h(28,5): warning C4150: deletion of pointer to incomplete type 'ntn::RigidBody'; no destructor called
D:\dev\projects\3DWorld\source\PhysicsEngine/PhysicsObject.h(15,8): message : see declaration of 'ntn::RigidBody'
D:\dev\projects\3DWorld\source\Entity.cpp(175,22): warning C4244: 'initializing': conversion from 'double' to 'float', possible loss of data
D:\dev\projects\3DWorld\source\Entity.cpp(176,22): warning C4244: 'initializing': conversion from 'double' to 'float', possible loss of data
D:\dev\projects\3DWorld\source\Entity.cpp(337,22): warning C4244: 'initializing': conversion from 'double' to 'float', possible loss of data
D:\dev\projects\3DWorld\source\Entity.cpp(338,22): warning C4244: 'initializing': conversion from 'double' to 'float', possible loss of data
  EntryPoint.cpp
D:\dev\projects\3DWorld\source\PhysicsEngine\PhysicsObject.h(28,5): warning C4150: deletion of pointer to incomplete type 'ntn::RigidBody'; no destructor called
D:\dev\projects\3DWorld\source\PhysicsEngine\PhysicsObject.h(15,8): message : see declaration of 'ntn::RigidBody'
D:\dev\projects\3DWorld\source\Scene.h(68,71): warning C4267: 'return': conversion from 'size_t' to 'int', possible loss of data
  Model.cpp
  Box.cpp
D:\dev\projects\3DWorld\source\PhysicsEngine\PhysicsObject.h(28,5): warning C4150: deletion of pointer to incomplete type 'ntn::RigidBody'; no destructor called
D:\dev\projects\3DWorld\source\PhysicsEngine\PhysicsObject.h(15,8): message : see declaration of 'ntn::RigidBody'
D:\dev\projects\3DWorld\source\PhysicsEngine\Box.cpp(91,37): warning C4244: '+=': conversion from 'double' to 'float', possible loss of data
D:\dev\projects\3DWorld\source\PhysicsEngine\Box.cpp(95,37): warning C4244: '+=': conversion from 'double' to 'float', possible loss of data
  PhysicsObject.cpp
D:\dev\projects\3DWorld\source\PhysicsEngine\PhysicsObject.h(28,5): warning C4150: deletion of pointer to incomplete type 'ntn::RigidBody'; no destructor called
D:\dev\projects\3DWorld\source\PhysicsEngine\PhysicsObject.h(15,8): message : see declaration of 'ntn::RigidBody'
  PhysicsScene.cpp
D:\dev\projects\3DWorld\source\PhysicsEngine\PhysicsScene.h(29,50): warning C4267: 'return': conversion from 'size_t' to 'int', possible loss of data
D:\dev\projects\3DWorld\source\PhysicsEngine\PhysicsObject.h(28,5): warning C4150: deletion of pointer to incomplete type 'ntn::RigidBody'; no destructor called
D:\dev\projects\3DWorld\source\PhysicsEngine\PhysicsObject.h(15,8): message : see declaration of 'ntn::RigidBody'
  Plane.cpp
D:\dev\projects\3DWorld\source\PhysicsEngine\PhysicsObject.h(28,5): warning C4150: deletion of pointer to incomplete type 'ntn::RigidBody'; no destructor called
D:\dev\projects\3DWorld\source\PhysicsEngine\PhysicsObject.h(15,8): message : see declaration of 'ntn::RigidBody'
  RigidBody.cpp
D:\dev\projects\3DWorld\source\PhysicsEngine\RigidBody.cpp(129,66): warning C4244: '=': conversion from 'double' to 'T', possible loss of data
          with
          [
              T=float
          ]
D:\dev\projects\3DWorld\source\PhysicsEngine\RigidBody.cpp(139,78): warning C4244: '=': conversion from 'double' to 'T', possible loss of data
          with
          [
              T=float
          ]
  Sphere.cpp
D:\dev\projects\3DWorld\source\PhysicsEngine\PhysicsObject.h(28,5): warning C4150: deletion of pointer to incomplete type 'ntn::RigidBody'; no destructor called
D:\dev\projects\3DWorld\source\PhysicsEngine\PhysicsObject.h(15,8): message : see declaration of 'ntn::RigidBody'
  AbstractSky.cpp
  SkyBox.cpp
  skyDome.cpp
  Terrain.cpp
D:\dev\projects\3DWorld\source\Terrain\../PhysicsEngine/PhysicsObject.h(28,5): warning C4150: deletion of pointer to incomplete type 'ntn::RigidBody'; no destructor called
D:\dev\projects\3DWorld\source\Terrain\../PhysicsEngine/PhysicsObject.h(15,8): message : see declaration of 'ntn::RigidBody'
D:\dev\projects\3DWorld\source\Terrain\Terrain.cpp(221,13): warning C4244: 'initializing': conversion from 'double' to 'float', possible loss of data
  TerrainSimul.cpp
D:\dev\projects\3DWorld\source\Terrain\../utils.h(22,9): warning C4244: '=': conversion from 'double' to 'float', possible loss of data
D:\dev\projects\3DWorld\source\Terrain\../utils.h(23,9): warning C4244: '=': conversion from 'double' to 'float', possible loss of data
D:\dev\projects\3DWorld\source\Terrain\../utils.h(24,9): warning C4244: '=': conversion from 'double' to 'float', possible loss of data
D:\dev\projects\3DWorld\source\Terrain\TerrainSimul.cpp(35,13): warning C4244: 'initializing': conversion from 'double' to 'float', possible loss of data
D:\dev\projects\3DWorld\source\Terrain\TerrainSimul.cpp(37,13): warning C4244: 'initializing': conversion from 'double' to 'float', possible loss of data
D:\dev\projects\3DWorld\source\Terrain\TerrainSimul.cpp(244,60): warning C4244: 'argument': conversion from 'double' to 'float', possible loss of data
D:\dev\projects\3DWorld\source\Terrain\TerrainSimul.cpp(251,20): warning C4267: 'initializing': conversion from 'size_t' to 'int', possible loss of data
  application.cpp
D:\dev\projects\3DWorld\source\PhysicsEngine\PhysicsObject.h(28,5): warning C4150: deletion of pointer to incomplete type 'ntn::RigidBody'; no destructor called
D:\dev\projects\3DWorld\source\PhysicsEngine\PhysicsObject.h(15,8): message : see declaration of 'ntn::RigidBody'
D:\dev\projects\3DWorld\source\Scene.h(68,71): warning C4267: 'return': conversion from 'size_t' to 'int', possible loss of data
  camera.cpp
D:\dev\projects\3DWorld\source\camera.cpp(128,19): warning C4244: '-=': conversion from 'double' to 'float', possible loss of data
  mesh.cpp
  mousePicker.cpp
D:\dev\projects\3DWorld\source\mousePicker.cpp(18,66): warning C4244: 'argument': conversion from 'int' to 'float', possible loss of data
D:\dev\projects\3DWorld\source\mousePicker.cpp(18,55): warning C4244: 'argument': conversion from 'int' to 'float', possible loss of data
D:\dev\projects\3DWorld\source\mousePicker.cpp(117,17): warning C4244: '=': conversion from 'double' to 'int', possible loss of data
D:\dev\projects\3DWorld\source\mousePicker.cpp(118,17): warning C4244: '=': conversion from 'double' to 'int', possible loss of data
  pickingTexture.cpp
  Generating Code...
  Compiling...
  resourceManager.cpp
  scene.cpp
D:\dev\projects\3DWorld\source\PhysicsEngine\PhysicsObject.h(28,5): warning C4150: deletion of pointer to incomplete type 'ntn::RigidBody'; no destructor called
D:\dev\projects\3DWorld\source\PhysicsEngine\PhysicsObject.h(15,8): message : see declaration of 'ntn::RigidBody'
D:\dev\projects\3DWorld\source\scene.h(68,71): warning C4267: 'return': conversion from 'size_t' to 'int', possible loss of data
D:\dev\projects\3DWorld\source\scene.cpp(526,18): warning C4267: 'initializing': conversion from 'size_t' to 'int', possible loss of data
  shader.cpp
  stb_image.cpp
  imgui.cpp
  imgui_demo.cpp
  imgui_draw.cpp
  imgui_impl_glfw.cpp
  imgui_impl_opengl3.cpp
  imgui_tables.cpp
  imgui_widgets.cpp
  Generating Code...
  glad.c
LINK : warning LNK4098: defaultlib 'MSVCRTD' conflicts with use of other libs; use /NODEFAULTLIB:library
  3DWorld.vcxproj -> D:\dev\projects\3DWorld\build\Release\3DWorld.exe
  Copying shaders to the output directory...	Debug	Release
